mode: set
coursera\hw4_test_coverage\client.go:68.80,72.19 2 1
coursera\hw4_test_coverage\client.go:75.2,75.20 1 1
coursera\hw4_test_coverage\client.go:78.2,78.20 1 1
coursera\hw4_test_coverage\client.go:83.2,95.16 10 1
coursera\hw4_test_coverage\client.go:101.2,104.25 3 1
coursera\hw4_test_coverage\client.go:121.2,123.16 3 1
coursera\hw4_test_coverage\client.go:127.2,128.28 2 1
coursera\hw4_test_coverage\client.go:135.2,135.21 1 1
coursera\hw4_test_coverage\client.go:72.19,74.3 1 1
coursera\hw4_test_coverage\client.go:75.20,77.3 1 1
coursera\hw4_test_coverage\client.go:78.20,80.3 1 1
coursera\hw4_test_coverage\client.go:95.16,96.54 1 1
coursera\hw4_test_coverage\client.go:99.3,99.50 1 1
coursera\hw4_test_coverage\client.go:96.54,98.4 1 1
coursera\hw4_test_coverage\client.go:105.31,106.44 1 1
coursera\hw4_test_coverage\client.go:107.38,108.53 1 1
coursera\hw4_test_coverage\client.go:109.29,112.17 3 1
coursera\hw4_test_coverage\client.go:115.3,115.44 1 1
coursera\hw4_test_coverage\client.go:118.3,118.73 1 1
coursera\hw4_test_coverage\client.go:112.17,114.4 1 1
coursera\hw4_test_coverage\client.go:115.44,117.4 1 1
coursera\hw4_test_coverage\client.go:123.16,125.3 1 1
coursera\hw4_test_coverage\client.go:128.28,131.3 2 1
coursera\hw4_test_coverage\client.go:131.3,133.3 1 0
